# JRE version: OpenJDK Runtime Environment (8.0_152-b02) (build 1.8.0_152-release-1024-b02)
# Java VM: OpenJDK 64-Bit Server VM (25.152-b02 mixed mode windows-amd64 compressed oops)
Heap:
 PSYoungGen      total 147968K, used 34838K [0x00000000e0c00000, 0x00000000ec680000, 0x0000000100000000)
  eden space 122880K, 7% used [0x00000000e0c00000,0x00000000e158a418,0x00000000e8400000)
  from space 25088K, 99% used [0x00000000ea280000,0x00000000ebafb648,0x00000000ebb00000)
  to   space 31232K, 0% used [0x00000000e8400000,0x00000000e8400000,0x00000000ea280000)
 ParOldGen       total 88064K, used 38592K [0x00000000a2400000, 0x00000000a7a00000, 0x00000000e0c00000)
  object space 88064K, 43% used [0x00000000a2400000,0x00000000a49b00e8,0x00000000a7a00000)
 Metaspace       used 51497K, capacity 52489K, committed 52568K, reserved 1095680K
  class space    used 6023K, capacity 6269K, committed 6272K, reserved 1048576K
GC Heap History (10 events):
Event: 14.415 GC heap before
{Heap before GC invocations=8 (full 1):
 PSYoungGen      total 84480K, used 44469K [0x00000000e0c00000, 0x00000000e7600000, 0x0000000100000000)
  eden space 71168K, 43% used [0x00000000e0c00000,0x00000000e2a75288,0x00000000e5180000)
  from space 13312K, 99% used [0x00000000e6280000,0x00000000e6f782c8,0x00000000e6f80000)
  to   space 17408K, 0% used [0x00000000e5180000,0x00000000e5180000,0x00000000e6280000)
 ParOldGen       total 51200K, used 21000K [0x00000000a2400000, 0x00000000a5600000, 0x00000000e0c00000)
  object space 51200K, 41% used [0x00000000a2400000,0x00000000a3882330,0x00000000a5600000)
 Metaspace       used 34626K, capacity 35115K, committed 35416K, reserved 1081344K
  class space    used 4274K, capacity 4423K, committed 4480K, reserved 1048576K
Event: 14.456 GC heap after
Heap after GC invocations=8 (full 1):
 PSYoungGen      total 88576K, used 17407K [0x00000000e0c00000, 0x00000000e9d00000, 0x0000000100000000)
  eden space 71168K, 0% used [0x00000000e0c00000,0x00000000e0c00000,0x00000000e5180000)
  from space 17408K, 99% used [0x00000000e5180000,0x00000000e627ffd0,0x00000000e6280000)
  to   space 20480K, 0% used [0x00000000e8900000,0x00000000e8900000,0x00000000e9d00000)
 ParOldGen       total 51200K, used 21163K [0x00000000a2400000, 0x00000000a5600000, 0x00000000e0c00000)
  object space 51200K, 41% used [0x00000000a2400000,0x00000000a38aad40,0x00000000a5600000)
 Metaspace       used 34626K, capacity 35115K, committed 35416K, reserved 1081344K
  class space    used 4274K, capacity 4423K, committed 4480K, reserved 1048576K
}
Event: 14.457 GC heap before
{Heap before GC invocations=9 (full 2):
 PSYoungGen      total 88576K, used 17407K [0x00000000e0c00000, 0x00000000e9d00000, 0x0000000100000000)
  eden space 71168K, 0% used [0x00000000e0c00000,0x00000000e0c00000,0x00000000e5180000)
  from space 17408K, 99% used [0x00000000e5180000,0x00000000e627ffd0,0x00000000e6280000)
  to   space 20480K, 0% used [0x00000000e8900000,0x00000000e8900000,0x00000000e9d00000)
 ParOldGen       total 51200K, used 21163K [0x00000000a2400000, 0x00000000a5600000, 0x00000000e0c00000)
  object space 51200K, 41% used [0x00000000a2400000,0x00000000a38aad40,0x00000000a5600000)
 Metaspace       used 34626K, capacity 35115K, committed 35416K, reserved 1081344K
  class space    used 4274K, capacity 4423K, committed 4480K, reserved 1048576K
Event: 14.751 GC heap after
Heap after GC invocations=9 (full 2):
 PSYoungGen      total 88576K, used 0K [0x00000000e0c00000, 0x00000000e9d00000, 0x0000000100000000)
  eden space 71168K, 0% used [0x00000000e0c00000,0x00000000e0c00000,0x00000000e5180000)
  from space 17408K, 0% used [0x00000000e5180000,0x00000000e5180000,0x00000000e6280000)
  to   space 20480K, 0% used [0x00000000e8900000,0x00000000e8900000,0x00000000e9d00000)
 ParOldGen       total 88064K, used 24360K [0x00000000a2400000, 0x00000000a7a00000, 0x00000000e0c00000)
  object space 88064K, 27% used [0x00000000a2400000,0x00000000a3bca3d8,0x00000000a7a00000)
 Metaspace       used 34626K, capacity 35115K, committed 35416K, reserved 1081344K
  class space    used 4274K, capacity 4423K, committed 4480K, reserved 1048576K
}
Event: 17.401 GC heap before
{Heap before GC invocations=10 (full 2):
 PSYoungGen      total 88576K, used 71168K [0x00000000e0c00000, 0x00000000e9d00000, 0x0000000100000000)
  eden space 71168K, 100% used [0x00000000e0c00000,0x00000000e5180000,0x00000000e5180000)
  from space 17408K, 0% used [0x00000000e5180000,0x00000000e5180000,0x00000000e6280000)
  to   space 20480K, 0% used [0x00000000e8900000,0x00000000e8900000,0x00000000e9d00000)
 ParOldGen       total 88064K, used 24360K [0x00000000a2400000, 0x00000000a7a00000, 0x00000000e0c00000)
  object space 88064K, 27% used [0x00000000a2400000,0x00000000a3bca3d8,0x00000000a7a00000)
 Metaspace       used 36700K, capacity 37259K, committed 37592K, reserved 1083392K
  class space    used 4425K, capacity 4570K, committed 4608K, reserved 1048576K
Event: 17.442 GC heap after
Heap after GC invocations=10 (full 2):
 PSYoungGen      total 116736K, used 10788K [0x00000000e0c00000, 0x00000000e9680000, 0x0000000100000000)
  eden space 102912K, 0% used [0x00000000e0c00000,0x00000000e0c00000,0x00000000e7080000)
  from space 13824K, 78% used [0x00000000e8900000,0x00000000e9389390,0x00000000e9680000)
  to   space 19456K, 0% used [0x00000000e7080000,0x00000000e7080000,0x00000000e8380000)
 ParOldGen       total 88064K, used 24368K [0x00000000a2400000, 0x00000000a7a00000, 0x00000000e0c00000)
  object space 88064K, 27% used [0x00000000a2400000,0x00000000a3bcc3d8,0x00000000a7a00000)
 Metaspace       used 36700K, capacity 37259K, committed 37592K, reserved 1083392K
  class space    used 4425K, capacity 4570K, committed 4608K, reserved 1048576K
}
Event: 24.142 GC heap before
{Heap before GC invocations=11 (full 2):
 PSYoungGen      total 116736K, used 113700K [0x00000000e0c00000, 0x00000000e9680000, 0x0000000100000000)
  eden space 102912K, 100% used [0x00000000e0c00000,0x00000000e7080000,0x00000000e7080000)
  from space 13824K, 78% used [0x00000000e8900000,0x00000000e9389390,0x00000000e9680000)
  to   space 19456K, 0% used [0x00000000e7080000,0x00000000e7080000,0x00000000e8380000)
 ParOldGen       total 88064K, used 24368K [0x00000000a2400000, 0x00000000a7a00000, 0x00000000e0c00000)
  object space 88064K, 27% used [0x00000000a2400000,0x00000000a3bcc3d8,0x00000000a7a00000)
 Metaspace       used 43080K, capacity 43779K, committed 44120K, reserved 1087488K
  class space    used 5231K, capacity 5400K, committed 5504K, reserved 1048576K
Event: 24.210 GC heap after
Heap after GC invocations=11 (full 2):
 PSYoungGen      total 122368K, used 19444K [0x00000000e0c00000, 0x00000000ebb00000, 0x0000000100000000)
  eden space 102912K, 0% used [0x00000000e0c00000,0x00000000e0c00000,0x00000000e7080000)
  from space 19456K, 99% used [0x00000000e7080000,0x00000000e837d058,0x00000000e8380000)
  to   space 25088K, 0% used [0x00000000ea280000,0x00000000ea280000,0x00000000ebb00000)
 ParOldGen       total 88064K, used 32104K [0x00000000a2400000, 0x00000000a7a00000, 0x00000000e0c00000)
  object space 88064K, 36% used [0x00000000a2400000,0x00000000a435a270,0x00000000a7a00000)
 Metaspace       used 43080K, capacity 43779K, committed 44120K, reserved 1087488K
  class space    used 5231K, capacity 5400K, committed 5504K, reserved 1048576K
}
Event: 31.380 GC heap before
{Heap before GC invocations=12 (full 2):
 PSYoungGen      total 122368K, used 122356K [0x00000000e0c00000, 0x00000000ebb00000, 0x0000000100000000)
  eden space 102912K, 100% used [0x00000000e0c00000,0x00000000e7080000,0x00000000e7080000)
  from space 19456K, 99% used [0x00000000e7080000,0x00000000e837d058,0x00000000e8380000)
  to   space 25088K, 0% used [0x00000000ea280000,0x00000000ea280000,0x00000000ebb00000)
 ParOldGen       total 88064K, used 32104K [0x00000000a2400000, 0x00000000a7a00000, 0x00000000e0c00000)
  object space 88064K, 36% used [0x00000000a2400000,0x00000000a435a270,0x00000000a7a00000)
 Metaspace       used 51311K, capacity 52233K, committed 52312K, reserved 1095680K
  class space    used 6019K, capacity 6269K, committed 6272K, reserved 1048576K
Event: 31.494 GC heap after
Heap after GC invocations=12 (full 2):
 PSYoungGen      total 147968K, used 25069K [0x00000000e0c00000, 0x00000000ec680000, 0x0000000100000000)
  eden space 122880K, 0% used [0x00000000e0c00000,0x00000000e0c00000,0x00000000e8400000)
  from space 25088K, 99% used [0x00000000ea280000,0x00000000ebafb648,0x00000000ebb00000)
  to   space 31232K, 0% used [0x00000000e8400000,0x00000000e8400000,0x00000000ea280000)
 ParOldGen       total 88064K, used 38592K [0x00000000a2400000, 0x00000000a7a00000, 0x00000000e0c00000)
  object space 88064K, 43% used [0x00000000a2400000,0x00000000a49b00e8,0x00000000a7a00000)
 Metaspace       used 51311K, capacity 52233K, committed 52312K, reserved 1095680K
  class space    used 6019K, capacity 6269K, committed 6272K, reserved 1048576K
}

