# JRE version: OpenJDK Runtime Environment (8.0_152-b02) (build 1.8.0_152-release-1024-b02)
# Java VM: OpenJDK 64-Bit Server VM (25.152-b02 mixed mode windows-amd64 compressed oops)
Heap:
 PSYoungGen      total 147968K, used 37653K [0x00000000e0000000, 0x00000000ed380000, 0x0000000100000000)
  eden space 112128K, 9% used [0x00000000e0000000,0x00000000e0a346e8,0x00000000e6d80000)
  from space 35840K, 75% used [0x00000000e6d80000,0x00000000e8810fd8,0x00000000e9080000)
  to   space 38400K, 0% used [0x00000000eae00000,0x00000000eae00000,0x00000000ed380000)
 ParOldGen       total 91648K, used 53633K [0x00000000a0000000, 0x00000000a5980000, 0x00000000e0000000)
  object space 91648K, 58% used [0x00000000a0000000,0x00000000a3460728,0x00000000a5980000)
 Metaspace       used 55104K, capacity 56175K, committed 56192K, reserved 1099776K
  class space    used 6525K, capacity 6779K, committed 6784K, reserved 1048576K
GC Heap History (10 events):
Event: 15.899 GC heap before
{Heap before GC invocations=10 (full 3):
 PSYoungGen      total 62464K, used 58880K [0x00000000e0000000, 0x00000000e6500000, 0x0000000100000000)
  eden space 58880K, 100% used [0x00000000e0000000,0x00000000e3980000,0x00000000e3980000)
  from space 3584K, 0% used [0x00000000e4900000,0x00000000e4900000,0x00000000e4c80000)
  to   space 15872K, 0% used [0x00000000e3980000,0x00000000e3980000,0x00000000e4900000)
 ParOldGen       total 91648K, used 21252K [0x00000000a0000000, 0x00000000a5980000, 0x00000000e0000000)
  object space 91648K, 23% used [0x00000000a0000000,0x00000000a14c1318,0x00000000a5980000)
 Metaspace       used 39042K, capacity 39649K, committed 39936K, reserved 1083392K
  class space    used 4851K, capacity 5000K, committed 5120K, reserved 1048576K
Event: 15.958 GC heap after
Heap after GC invocations=10 (full 3):
 PSYoungGen      total 74752K, used 15864K [0x00000000e0000000, 0x00000000e7a00000, 0x0000000100000000)
  eden space 58880K, 0% used [0x00000000e0000000,0x00000000e0000000,0x00000000e3980000)
  from space 15872K, 99% used [0x00000000e3980000,0x00000000e48fe2d8,0x00000000e4900000)
  to   space 18944K, 0% used [0x00000000e6780000,0x00000000e6780000,0x00000000e7a00000)
 ParOldGen       total 91648K, used 21466K [0x00000000a0000000, 0x00000000a5980000, 0x00000000e0000000)
  object space 91648K, 23% used [0x00000000a0000000,0x00000000a14f6a18,0x00000000a5980000)
 Metaspace       used 39042K, capacity 39649K, committed 39936K, reserved 1083392K
  class space    used 4851K, capacity 5000K, committed 5120K, reserved 1048576K
}
Event: 18.450 GC heap before
{Heap before GC invocations=11 (full 3):
 PSYoungGen      total 74752K, used 74744K [0x00000000e0000000, 0x00000000e7a00000, 0x0000000100000000)
  eden space 58880K, 100% used [0x00000000e0000000,0x00000000e3980000,0x00000000e3980000)
  from space 15872K, 99% used [0x00000000e3980000,0x00000000e48fe2d8,0x00000000e4900000)
  to   space 18944K, 0% used [0x00000000e6780000,0x00000000e6780000,0x00000000e7a00000)
 ParOldGen       total 91648K, used 21466K [0x00000000a0000000, 0x00000000a5980000, 0x00000000e0000000)
  object space 91648K, 23% used [0x00000000a0000000,0x00000000a14f6a18,0x00000000a5980000)
 Metaspace       used 42147K, capacity 42787K, committed 43008K, reserved 1087488K
  class space    used 5180K, capacity 5347K, committed 5376K, reserved 1048576K
Event: 18.508 GC heap after
Heap after GC invocations=11 (full 3):
 PSYoungGen      total 101888K, used 18916K [0x00000000e0000000, 0x00000000e8380000, 0x0000000100000000)
  eden space 82944K, 0% used [0x00000000e0000000,0x00000000e0000000,0x00000000e5100000)
  from space 18944K, 99% used [0x00000000e6780000,0x00000000e79f9238,0x00000000e7a00000)
  to   space 23040K, 0% used [0x00000000e5100000,0x00000000e5100000,0x00000000e6780000)
 ParOldGen       total 91648K, used 24256K [0x00000000a0000000, 0x00000000a5980000, 0x00000000e0000000)
  object space 91648K, 26% used [0x00000000a0000000,0x00000000a17b0138,0x00000000a5980000)
 Metaspace       used 42147K, capacity 42787K, committed 43008K, reserved 1087488K
  class space    used 5180K, capacity 5347K, committed 5376K, reserved 1048576K
}
Event: 27.301 GC heap before
{Heap before GC invocations=12 (full 3):
 PSYoungGen      total 101888K, used 101860K [0x00000000e0000000, 0x00000000e8380000, 0x0000000100000000)
  eden space 82944K, 100% used [0x00000000e0000000,0x00000000e5100000,0x00000000e5100000)
  from space 18944K, 99% used [0x00000000e6780000,0x00000000e79f9238,0x00000000e7a00000)
  to   space 23040K, 0% used [0x00000000e5100000,0x00000000e5100000,0x00000000e6780000)
 ParOldGen       total 91648K, used 24256K [0x00000000a0000000, 0x00000000a5980000, 0x00000000e0000000)
  object space 91648K, 26% used [0x00000000a0000000,0x00000000a17b0138,0x00000000a5980000)
 Metaspace       used 51966K, capacity 52865K, committed 53120K, reserved 1095680K
  class space    used 6279K, capacity 6498K, committed 6528K, reserved 1048576K
Event: 27.404 GC heap after
Heap after GC invocations=12 (full 3):
 PSYoungGen      total 105984K, used 23020K [0x00000000e0000000, 0x00000000eb680000, 0x0000000100000000)
  eden space 82944K, 0% used [0x00000000e0000000,0x00000000e0000000,0x00000000e5100000)
  from space 23040K, 99% used [0x00000000e5100000,0x00000000e677b3b8,0x00000000e6780000)
  to   space 32256K, 0% used [0x00000000e9700000,0x00000000e9700000,0x00000000eb680000)
 ParOldGen       total 91648K, used 37667K [0x00000000a0000000, 0x00000000a5980000, 0x00000000e0000000)
  object space 91648K, 41% used [0x00000000a0000000,0x00000000a24c8e88,0x00000000a5980000)
 Metaspace       used 51966K, capacity 52865K, committed 53120K, reserved 1095680K
  class space    used 6279K, capacity 6498K, committed 6528K, reserved 1048576K
}
Event: 31.971 GC heap before
{Heap before GC invocations=13 (full 3):
 PSYoungGen      total 105984K, used 105964K [0x00000000e0000000, 0x00000000eb680000, 0x0000000100000000)
  eden space 82944K, 100% used [0x00000000e0000000,0x00000000e5100000,0x00000000e5100000)
  from space 23040K, 99% used [0x00000000e5100000,0x00000000e677b3b8,0x00000000e6780000)
  to   space 32256K, 0% used [0x00000000e9700000,0x00000000e9700000,0x00000000eb680000)
 ParOldGen       total 91648K, used 37667K [0x00000000a0000000, 0x00000000a5980000, 0x00000000e0000000)
  object space 91648K, 41% used [0x00000000a0000000,0x00000000a24c8e88,0x00000000a5980000)
 Metaspace       used 53686K, capacity 54719K, committed 55040K, reserved 1097728K
  class space    used 6395K, capacity 6617K, committed 6656K, reserved 1048576K
Event: 32.122 GC heap after
Heap after GC invocations=13 (full 3):
 PSYoungGen      total 138752K, used 28759K [0x00000000e0000000, 0x00000000eb380000, 0x0000000100000000)
  eden space 109568K, 0% used [0x00000000e0000000,0x00000000e0000000,0x00000000e6b00000)
  from space 29184K, 98% used [0x00000000e9700000,0x00000000eb315e28,0x00000000eb380000)
  to   space 35840K, 0% used [0x00000000e6d80000,0x00000000e6d80000,0x00000000e9080000)
 ParOldGen       total 91648K, used 47012K [0x00000000a0000000, 0x00000000a5980000, 0x00000000e0000000)
  object space 91648K, 51% used [0x00000000a0000000,0x00000000a2de9110,0x00000000a5980000)
 Metaspace       used 53686K, capacity 54719K, committed 55040K, reserved 1097728K
  class space    used 6395K, capacity 6617K, committed 6656K, reserved 1048576K
}
Event: 2107.308 GC heap before
{Heap before GC invocations=14 (full 3):
 PSYoungGen      total 138752K, used 137858K [0x00000000e0000000, 0x00000000eb380000, 0x0000000100000000)
  eden space 109568K, 99% used [0x00000000e0000000,0x00000000e6a8ab90,0x00000000e6b00000)
  from space 29184K, 98% used [0x00000000e9700000,0x00000000eb315e28,0x00000000eb380000)
  to   space 35840K, 0% used [0x00000000e6d80000,0x00000000e6d80000,0x00000000e9080000)
 ParOldGen       total 91648K, used 47012K [0x00000000a0000000, 0x00000000a5980000, 0x00000000e0000000)
  object space 91648K, 51% used [0x00000000a0000000,0x00000000a2de9110,0x00000000a5980000)
 Metaspace       used 55092K, capacity 56175K, committed 56192K, reserved 1099776K
  class space    used 6524K, capacity 6779K, committed 6784K, reserved 1048576K
Event: 2107.704 GC heap after
Heap after GC invocations=14 (full 3):
 PSYoungGen      total 147968K, used 27203K [0x00000000e0000000, 0x00000000ed380000, 0x0000000100000000)
  eden space 112128K, 0% used [0x00000000e0000000,0x00000000e0000000,0x00000000e6d80000)
  from space 35840K, 75% used [0x00000000e6d80000,0x00000000e8810fd8,0x00000000e9080000)
  to   space 38400K, 0% used [0x00000000eae00000,0x00000000eae00000,0x00000000ed380000)
 ParOldGen       total 91648K, used 53633K [0x00000000a0000000, 0x00000000a5980000, 0x00000000e0000000)
  object space 91648K, 58% used [0x00000000a0000000,0x00000000a3460728,0x00000000a5980000)
 Metaspace       used 55092K, capacity 56175K, committed 56192K, reserved 1099776K
  class space    used 6524K, capacity 6779K, committed 6784K, reserved 1048576K
}

