# JRE version: OpenJDK Runtime Environment (8.0_152-b02) (build 1.8.0_152-release-1024-b02)
# Java VM: OpenJDK 64-Bit Server VM (25.152-b02 mixed mode windows-amd64 compressed oops)
Heap:
 PSYoungGen      total 82944K, used 17350K [0x00000000e0000000, 0x00000000e7100000, 0x0000000100000000)
  eden space 65536K, 3% used [0x00000000e0000000,0x00000000e0277990,0x00000000e4000000)
  from space 17408K, 85% used [0x00000000e4000000,0x00000000e4e7a180,0x00000000e5100000)
  to   space 18432K, 0% used [0x00000000e5f00000,0x00000000e5f00000,0x00000000e7100000)
 ParOldGen       total 75776K, used 27074K [0x00000000a0000000, 0x00000000a4a00000, 0x00000000e0000000)
  object space 75776K, 35% used [0x00000000a0000000,0x00000000a1a70958,0x00000000a4a00000)
 Metaspace       used 48234K, capacity 49007K, committed 49280K, reserved 1093632K
  class space    used 5840K, capacity 6015K, committed 6016K, reserved 1048576K
GC Heap History (10 events):
Event: 14.630 GC heap before
{Heap before GC invocations=10 (full 2):
 PSYoungGen      total 38400K, used 20590K [0x00000000e0000000, 0x00000000e4480000, 0x0000000100000000)
  eden space 29696K, 40% used [0x00000000e0000000,0x00000000e0ba1370,0x00000000e1d00000)
  from space 8704K, 99% used [0x00000000e1d00000,0x00000000e257a6e8,0x00000000e2580000)
  to   space 11776K, 0% used [0x00000000e3900000,0x00000000e3900000,0x00000000e4480000)
 ParOldGen       total 50176K, used 16843K [0x00000000a0000000, 0x00000000a3100000, 0x00000000e0000000)
  object space 50176K, 33% used [0x00000000a0000000,0x00000000a1072c80,0x00000000a3100000)
 Metaspace       used 34727K, capacity 35202K, committed 35496K, reserved 1081344K
  class space    used 4355K, capacity 4495K, committed 4608K, reserved 1048576K
Event: 14.654 GC heap after
Heap after GC invocations=10 (full 2):
 PSYoungGen      total 57344K, used 9860K [0x00000000e0000000, 0x00000000e4700000, 0x0000000100000000)
  eden space 45568K, 0% used [0x00000000e0000000,0x00000000e0000000,0x00000000e2c80000)
  from space 11776K, 83% used [0x00000000e3900000,0x00000000e42a12e8,0x00000000e4480000)
  to   space 12800K, 0% used [0x00000000e2c80000,0x00000000e2c80000,0x00000000e3900000)
 ParOldGen       total 50176K, used 16902K [0x00000000a0000000, 0x00000000a3100000, 0x00000000e0000000)
  object space 50176K, 33% used [0x00000000a0000000,0x00000000a1081b48,0x00000000a3100000)
 Metaspace       used 34727K, capacity 35202K, committed 35496K, reserved 1081344K
  class space    used 4355K, capacity 4495K, committed 4608K, reserved 1048576K
}
Event: 14.654 GC heap before
{Heap before GC invocations=11 (full 3):
 PSYoungGen      total 57344K, used 9860K [0x00000000e0000000, 0x00000000e4700000, 0x0000000100000000)
  eden space 45568K, 0% used [0x00000000e0000000,0x00000000e0000000,0x00000000e2c80000)
  from space 11776K, 83% used [0x00000000e3900000,0x00000000e42a12e8,0x00000000e4480000)
  to   space 12800K, 0% used [0x00000000e2c80000,0x00000000e2c80000,0x00000000e3900000)
 ParOldGen       total 50176K, used 16902K [0x00000000a0000000, 0x00000000a3100000, 0x00000000e0000000)
  object space 50176K, 33% used [0x00000000a0000000,0x00000000a1081b48,0x00000000a3100000)
 Metaspace       used 34727K, capacity 35202K, committed 35496K, reserved 1081344K
  class space    used 4355K, capacity 4495K, committed 4608K, reserved 1048576K
Event: 14.805 GC heap after
Heap after GC invocations=11 (full 3):
 PSYoungGen      total 57344K, used 0K [0x00000000e0000000, 0x00000000e4700000, 0x0000000100000000)
  eden space 45568K, 0% used [0x00000000e0000000,0x00000000e0000000,0x00000000e2c80000)
  from space 11776K, 0% used [0x00000000e3900000,0x00000000e3900000,0x00000000e4480000)
  to   space 12800K, 0% used [0x00000000e2c80000,0x00000000e2c80000,0x00000000e3900000)
 ParOldGen       total 75776K, used 15973K [0x00000000a0000000, 0x00000000a4a00000, 0x00000000e0000000)
  object space 75776K, 21% used [0x00000000a0000000,0x00000000a0f99500,0x00000000a4a00000)
 Metaspace       used 34727K, capacity 35202K, committed 35496K, reserved 1081344K
  class space    used 4355K, capacity 4495K, committed 4608K, reserved 1048576K
}
Event: 16.919 GC heap before
{Heap before GC invocations=12 (full 3):
 PSYoungGen      total 57344K, used 45568K [0x00000000e0000000, 0x00000000e4700000, 0x0000000100000000)
  eden space 45568K, 100% used [0x00000000e0000000,0x00000000e2c80000,0x00000000e2c80000)
  from space 11776K, 0% used [0x00000000e3900000,0x00000000e3900000,0x00000000e4480000)
  to   space 12800K, 0% used [0x00000000e2c80000,0x00000000e2c80000,0x00000000e3900000)
 ParOldGen       total 75776K, used 15973K [0x00000000a0000000, 0x00000000a4a00000, 0x00000000e0000000)
  object space 75776K, 21% used [0x00000000a0000000,0x00000000a0f99500,0x00000000a4a00000)
 Metaspace       used 38566K, capacity 39188K, committed 39680K, reserved 1083392K
  class space    used 4827K, capacity 5000K, committed 5120K, reserved 1048576K
Event: 16.960 GC heap after
Heap after GC invocations=12 (full 3):
 PSYoungGen      total 58368K, used 12280K [0x00000000e0000000, 0x00000000e6200000, 0x0000000100000000)
  eden space 45568K, 0% used [0x00000000e0000000,0x00000000e0000000,0x00000000e2c80000)
  from space 12800K, 95% used [0x00000000e2c80000,0x00000000e387e160,0x00000000e3900000)
  to   space 14336K, 0% used [0x00000000e5400000,0x00000000e5400000,0x00000000e6200000)
 ParOldGen       total 75776K, used 15981K [0x00000000a0000000, 0x00000000a4a00000, 0x00000000e0000000)
  object space 75776K, 21% used [0x00000000a0000000,0x00000000a0f9b500,0x00000000a4a00000)
 Metaspace       used 38566K, capacity 39188K, committed 39680K, reserved 1083392K
  class space    used 4827K, capacity 5000K, committed 5120K, reserved 1048576K
}
Event: 19.754 GC heap before
{Heap before GC invocations=13 (full 3):
 PSYoungGen      total 58368K, used 57848K [0x00000000e0000000, 0x00000000e6200000, 0x0000000100000000)
  eden space 45568K, 100% used [0x00000000e0000000,0x00000000e2c80000,0x00000000e2c80000)
  from space 12800K, 95% used [0x00000000e2c80000,0x00000000e387e160,0x00000000e3900000)
  to   space 14336K, 0% used [0x00000000e5400000,0x00000000e5400000,0x00000000e6200000)
 ParOldGen       total 75776K, used 15981K [0x00000000a0000000, 0x00000000a4a00000, 0x00000000e0000000)
  object space 75776K, 21% used [0x00000000a0000000,0x00000000a0f9b500,0x00000000a4a00000)
 Metaspace       used 44549K, capacity 45201K, committed 45696K, reserved 1089536K
  class space    used 5514K, capacity 5684K, committed 5760K, reserved 1048576K
Event: 19.793 GC heap after
Heap after GC invocations=13 (full 3):
 PSYoungGen      total 75264K, used 14315K [0x00000000e0000000, 0x00000000e6200000, 0x0000000100000000)
  eden space 60928K, 0% used [0x00000000e0000000,0x00000000e0000000,0x00000000e3b80000)
  from space 14336K, 99% used [0x00000000e5400000,0x00000000e61faf18,0x00000000e6200000)
  to   space 17408K, 0% used [0x00000000e4000000,0x00000000e4000000,0x00000000e5100000)
 ParOldGen       total 75776K, used 19448K [0x00000000a0000000, 0x00000000a4a00000, 0x00000000e0000000)
  object space 75776K, 25% used [0x00000000a0000000,0x00000000a12fe1e8,0x00000000a4a00000)
 Metaspace       used 44549K, capacity 45201K, committed 45696K, reserved 1089536K
  class space    used 5514K, capacity 5684K, committed 5760K, reserved 1048576K
}
Event: 238.745 GC heap before
{Heap before GC invocations=14 (full 3):
 PSYoungGen      total 75264K, used 75243K [0x00000000e0000000, 0x00000000e6200000, 0x0000000100000000)
  eden space 60928K, 100% used [0x00000000e0000000,0x00000000e3b80000,0x00000000e3b80000)
  from space 14336K, 99% used [0x00000000e5400000,0x00000000e61faf18,0x00000000e6200000)
  to   space 17408K, 0% used [0x00000000e4000000,0x00000000e4000000,0x00000000e5100000)
 ParOldGen       total 75776K, used 19448K [0x00000000a0000000, 0x00000000a4a00000, 0x00000000e0000000)
  object space 75776K, 25% used [0x00000000a0000000,0x00000000a12fe1e8,0x00000000a4a00000)
 Metaspace       used 48195K, capacity 48997K, committed 49280K, reserved 1093632K
  class space    used 5839K, capacity 6014K, committed 6016K, reserved 1048576K
Event: 238.817 GC heap after
Heap after GC invocations=14 (full 3):
 PSYoungGen      total 82944K, used 14824K [0x00000000e0000000, 0x00000000e7100000, 0x0000000100000000)
  eden space 65536K, 0% used [0x00000000e0000000,0x00000000e0000000,0x00000000e4000000)
  from space 17408K, 85% used [0x00000000e4000000,0x00000000e4e7a180,0x00000000e5100000)
  to   space 18432K, 0% used [0x00000000e5f00000,0x00000000e5f00000,0x00000000e7100000)
 ParOldGen       total 75776K, used 27074K [0x00000000a0000000, 0x00000000a4a00000, 0x00000000e0000000)
  object space 75776K, 35% used [0x00000000a0000000,0x00000000a1a70958,0x00000000a4a00000)
 Metaspace       used 48195K, capacity 48997K, committed 49280K, reserved 1093632K
  class space    used 5839K, capacity 6014K, committed 6016K, reserved 1048576K
}

